<?xml version="1.0" encoding="UTF-8"?>
<!-- Generated by org.testng.reporters.JUnitReportReporter -->
<testsuite skipped="0" hostname="DESKTOP-QTFJSBJ" name="TestCases.Test1" tests="2" failures="0" timestamp="2020-03-22T13:16:41 CST" time="39.737" errors="0">
  <testcase name="validateTheProductCanBeAddedToCart" time="20.947" classname="TestCases.Test1"/>
  <testcase name="VerifyUsersCanSearchHoodie" time="18.790" classname="TestCases.Test1"/>
</testsuite> <!-- TestCases.Test1 -->
